2019-01-23 17:26:55,432 - handle - INFO - [jesi] 进入 [时婉茹]的homesite
2019-01-23 17:27:10,016 - handle - INFO - [jesi] 进入 [jesi]的homesite
2019-01-23 17:27:58,999 - handle - INFO - [jesi] 进入 [jesi]的homesite
2019-01-23 17:28:32,419 - handle - INFO - [jesi] 进入 [jesi]的homesite
2019-01-23 17:29:45,219 - handle - INFO - [jesi] 进入 [jesi]的homesite
2019-01-23 17:30:27,058 - handle - INFO - [jesi] 进入 [jesi]的homesite
2019-01-23 17:30:35,135 - handle - INFO - [jesi] 进入 [jesi]的homesite
2019-01-23 17:30:40,305 - handle - INFO - [jesi] 进入 [jesi]的homesite
2019-01-23 17:31:28,869 - handle - INFO - [jesi] 进入 [jesi]的homesite
2019-01-23 17:33:42,893 - handle - INFO - [jesi] 进入 [jesi]的homesite
2019-01-23 17:35:06,636 - handle - INFO - [jesi] 进入 [jesi]的homesite
2019-01-23 17:36:36,679 - handle - INFO - [jesi] 进入 [cyy]的homesite
2019-01-23 17:36:43,279 - handle - INFO - [jesi] 进入 [时婉茹]的homesite
2019-01-23 17:43:34,089 - handle - INFO - [jack]进入[jesi2]的主页
2019-01-23 17:48:30,436 - handle - INFO - [jack]进入[jesi]的主页
2019-01-23 17:48:45,971 - handle - INFO - [jack]进入[jesi]的主页
2019-01-23 17:48:53,555 - handle - INFO - [jack]进入[jesi]的主页
2019-01-23 19:09:01,067 - handle - INFO - [jack]进入[tag]的主页
2019-01-23 19:09:01,470 - handle - INFO - [jack]进入[tag]的主页
2019-01-23 19:09:02,050 - handle - INFO - [jack]进入[tag]的主页
2019-01-23 19:09:02,231 - handle - INFO - [jack]进入[tag]的主页
2019-01-23 19:09:02,414 - handle - INFO - [jack]进入[tag]的主页
2019-01-23 19:09:03,258 - handle - INFO - [jack]进入[jesi]的主页
2019-01-23 19:09:23,253 - handle - INFO - [jack]进入[jesi]的主页
2019-01-23 19:09:35,852 - handle - INFO - [jack]进入[jesi]的主页
2019-01-23 19:15:26,142 - handle - INFO - [jack]进入[jesi]的主页
2019-01-23 19:15:33,552 - handle - INFO - [jack]进入[jesi]的主页
2019-01-23 19:16:10,378 - handle - INFO - [jack]进入[cyy]的主页
2019-01-23 19:16:14,493 - handle - INFO - [jack]进入[HTML]的主页
2019-01-23 19:16:24,815 - handle - INFO - [jack]进入[cyy]的主页
2019-01-23 19:16:51,971 - handle - INFO - [jack]进入[jesi]的主页
2019-01-23 19:17:06,374 - handle - INFO - [jack]进入[category]的主页
2019-01-23 19:17:17,596 - handle - INFO - [jack]进入[jesi]的主页
2019-01-23 19:17:32,189 - handle - INFO - [jack]进入[jesi]的主页
2019-01-23 19:17:34,516 - handle - INFO - [jack]进入[jesi]的主页
2019-01-23 19:18:20,590 - handle - INFO - [jack]进入[jesi]的主页
2019-01-23 19:18:44,969 - handle - INFO - [jack]进入[jesi]的主页
2019-01-23 19:20:48,416 - handle - INFO - [jack]进入[jesi]的主页
2019-01-23 19:20:49,733 - handle - INFO - [jack]进入[jesi]的主页
2019-01-23 19:20:50,195 - handle - INFO - [jack]进入[jesi]的主页
2019-01-23 19:20:50,793 - handle - INFO - [jack]进入[jesi]的主页
2019-01-23 19:21:00,780 - handle - INFO - [jack]进入[jesi]的主页
2019-01-23 19:21:02,878 - handle - INFO - [jack]进入[jesi]的主页
2019-01-23 19:21:05,809 - handle - INFO - [jack]进入[jesi]的主页
2019-01-23 19:21:05,999 - handle - INFO - [jack]进入[jesi]的主页
2019-01-23 19:21:06,180 - handle - INFO - [jack]进入[jesi]的主页
2019-01-23 19:21:06,347 - handle - INFO - [jack]进入[jesi]的主页
2019-01-23 19:21:06,526 - handle - INFO - [jack]进入[jesi]的主页
2019-01-23 19:21:06,716 - handle - INFO - [jack]进入[jesi]的主页
2019-01-23 19:21:06,886 - handle - INFO - [jack]进入[jesi]的主页
2019-01-23 19:21:07,063 - handle - INFO - [jack]进入[jesi]的主页
2019-01-23 19:21:07,247 - handle - INFO - [jack]进入[jesi]的主页
2019-01-23 19:21:07,442 - handle - INFO - [jack]进入[jesi]的主页
2019-01-23 19:21:07,613 - handle - INFO - [jack]进入[jesi]的主页
2019-01-23 19:21:07,784 - handle - INFO - [jack]进入[jesi]的主页
2019-01-23 19:21:07,953 - handle - INFO - [jack]进入[jesi]的主页
2019-01-23 19:21:15,662 - handle - INFO - [jack]进入[jesi]的主页
2019-01-23 19:21:50,044 - handle - INFO - [jack]进入[jesi]的主页
2019-01-23 19:21:58,409 - handle - INFO - [jack]进入[jesi]的主页
2019-01-23 19:22:07,903 - handle - INFO - [jack]进入[jesi]的主页
2019-01-23 19:22:11,689 - handle - INFO - [jack]进入[jesi]的主页
2019-01-23 19:22:39,126 - handle - INFO - [jack]进入[jesi]的主页
2019-01-23 19:22:55,208 - handle - INFO - [jack]进入[jesi]的主页
2019-01-24 10:42:56,829 - handle - INFO - [jack]进入[时婉茹]的主页
2019-01-24 10:43:00,565 - handle - INFO - [jack]进入[jesi]的主页
2019-01-24 10:43:05,823 - handle - INFO - [jack]进入[jesi]的主页
2019-01-24 10:45:29,078 - handle - INFO - [jack]进入[jesi]的主页
2019-01-24 10:45:29,930 - handle - INFO - [jack]进入[jesi]的主页
2019-01-24 10:45:32,176 - handle - INFO - [jack]进入[Python之路]的主页
2019-01-24 10:45:34,570 - handle - INFO - [jack]进入[Django从入门到放弃]的主页
2019-01-24 10:45:38,110 - handle - INFO - [jack]进入[Python之路]的主页
2019-01-24 10:45:54,201 - handle - INFO - [jack]进入[Python之路]的主页
2019-01-24 10:46:33,779 - handle - INFO - [jack]进入[Python之路]的主页
2019-01-24 10:46:45,747 - handle - INFO - [jack]进入[jesi]的主页
2019-01-24 10:46:46,485 - handle - INFO - [jack]进入[jesi]的主页
2019-01-24 10:47:21,046 - handle - INFO - [jack]进入[Python之路]的主页
2019-01-24 10:47:23,711 - handle - INFO - [jack]进入[Python之路]的主页
2019-01-24 10:47:27,082 - handle - INFO - [jack]进入[Django从入门到放弃]的主页
2019-01-24 10:48:42,862 - handle - INFO - [jack]进入[jesi]的主页
2019-01-24 10:48:43,600 - handle - INFO - [jack]进入[jesi]的主页
2019-01-24 10:48:44,786 - handle - INFO - [jack]进入[jesi]的主页
2019-01-24 10:48:45,482 - handle - INFO - [jack]进入[jesi]的主页
2019-01-24 10:48:45,714 - handle - INFO - [jack]进入[jesi]的主页
2019-01-24 10:48:46,247 - handle - INFO - [jack]进入[jesi]的主页
2019-01-24 10:48:47,606 - handle - INFO - [jack]进入[jesi]的主页
2019-01-24 10:48:48,254 - handle - INFO - [jack]进入[jesi]的主页
2019-01-24 10:48:49,770 - handle - INFO - [jack]进入[jesi]的主页
2019-01-24 10:48:51,519 - handle - INFO - [jack]进入[jesi]的主页
2019-01-24 10:48:55,559 - handle - INFO - [jack]进入[jesi]的主页
2019-01-24 10:48:56,625 - handle - INFO - [jack]进入[jesi]的主页
2019-01-24 10:48:57,922 - handle - INFO - [jack]进入[jesi]的主页
2019-01-24 10:48:58,637 - handle - INFO - [jack]进入[jesi]的主页
2019-01-24 10:49:00,279 - handle - INFO - [jack]进入[jesi]的主页
2019-01-24 10:50:01,850 - handle - INFO - [jack]进入[jesi]的主页
2019-01-24 10:50:02,305 - handle - INFO - [jack]进入[jesi]的主页
2019-01-24 10:50:02,499 - handle - INFO - [jack]进入[jesi]的主页
2019-01-24 10:50:25,460 - handle - INFO - [jack]进入[jesi]的主页
2019-01-24 10:50:25,821 - handle - INFO - [jack]进入[jesi]的主页
2019-01-24 10:50:26,023 - handle - INFO - [jack]进入[jesi]的主页
2019-01-24 10:50:26,208 - handle - INFO - [jack]进入[jesi]的主页
2019-01-24 10:50:26,387 - handle - INFO - [jack]进入[jesi]的主页
2019-01-24 10:50:26,552 - handle - INFO - [jack]进入[jesi]的主页
2019-01-24 10:50:27,659 - handle - INFO - [jack]进入[jesi]的主页
2019-01-24 10:54:55,744 - handle - INFO - [jack]进入[jesi]的主页
2019-01-24 10:54:57,831 - handle - INFO - [jack]进入[jesi]的主页
2019-01-24 10:54:59,296 - handle - INFO - [jack]进入[jesi]的主页
2019-01-24 10:55:00,293 - handle - INFO - [jack]进入[jesi]的主页
2019-01-24 10:55:02,320 - handle - INFO - [jack]进入[jesi]的主页
2019-01-24 10:55:05,035 - handle - INFO - [jack]进入[jesi]的主页
2019-01-24 10:56:15,219 - handle - INFO - [jack]进入[jesi]的主页
2019-01-24 10:56:16,051 - handle - INFO - [jack]进入[jesi]的主页
2019-01-24 10:56:17,533 - handle - INFO - [jack]进入[jesi]的主页
2019-01-24 10:56:27,206 - handle - INFO - [jack]进入[jesi]的主页
2019-01-24 10:57:42,395 - handle - INFO - [jack]进入[jesi]的主页
2019-01-24 10:58:07,114 - handle - INFO - [jack]进入[jesi]的主页
2019-01-24 10:59:49,372 - handle - INFO - [jack]进入[jesi]的主页
2019-01-24 10:59:50,734 - handle - INFO - [jack]进入[jesi]的主页
2019-01-24 10:59:53,245 - handle - INFO - [jack]进入[jesi]的主页
2019-01-24 10:59:55,300 - handle - INFO - [jack]进入[jesi]的主页
2019-01-24 10:59:57,224 - handle - INFO - [jack]进入[jesi]的主页
2019-01-24 10:59:58,930 - handle - INFO - [jack]进入[jesi]的主页
2019-01-24 11:12:17,086 - handle - INFO - [jack]正在查看[jesi]的[python之递归函数]文章
2019-01-24 11:12:27,563 - handle - INFO - [jack]正在查看[jesi]的[python之递归函数]文章
2019-01-24 11:12:38,794 - handle - INFO - [jack]正在查看[jesi]的[python之递归函数]文章
2019-01-24 11:12:39,576 - handle - INFO - [jack]正在查看[jesi]的[python之递归函数]文章
2019-01-24 11:12:39,945 - handle - INFO - [jack]正在查看[jesi]的[python之递归函数]文章
2019-01-24 11:12:40,263 - handle - INFO - [jack]正在查看[jesi]的[python之递归函数]文章
2019-01-24 11:13:18,954 - handle - INFO - [jack]正在查看[jesi]的[python之递归函数]文章
2019-01-24 11:13:19,799 - handle - INFO - [jack]正在查看[jesi]的[python之递归函数]文章
2019-01-24 11:13:20,161 - handle - INFO - [jack]正在查看[jesi]的[python之递归函数]文章
2019-01-24 11:13:36,131 - handle - INFO - [jack]正在查看[jesi]的[python之递归函数]文章
2019-01-24 11:13:53,189 - handle - INFO - [jack]正在查看[jesi]的[python之递归函数]文章
2019-01-24 11:13:57,361 - handle - INFO - [jack]正在查看[jesi]的[python之递归函数]文章
2019-01-24 11:13:57,761 - handle - INFO - [jack]正在查看[jesi]的[python之递归函数]文章
2019-01-24 11:14:06,906 - handle - INFO - [jack]正在查看[jesi]的[python之递归函数]文章
2019-01-24 11:14:07,529 - handle - INFO - [jack]正在查看[jesi]的[python之递归函数]文章
2019-01-24 11:14:12,831 - handle - INFO - [jack]进入[jesi]的主页
2019-01-24 11:14:14,267 - handle - INFO - [jack]正在查看[jesi]的[Python之路：Django【基础篇】]文章
2019-01-24 11:15:45,857 - handle - INFO - [jack]进入[jesi]的主页
2019-01-24 11:15:47,026 - handle - INFO - [jack]正在查看[jesi]的文章-[Python之路：Django【基础篇】]
2019-01-24 11:30:31,924 - handle - INFO - [jack]评论了[Python之路：Django【基础篇】]文章，评论内容是77777
2019-01-24 11:32:35,415 - handle - INFO - [jack]正在查看[jesi]的文章[Python之路：Django【基础篇】]
2019-01-24 11:32:39,863 - handle - INFO - [jack]评论了[Python之路：Django【基础篇】]文章，评论内容是        
2019-01-24 17:16:40,614 - handle - INFO - [jack]进入[backend]的主页
2019-01-24 17:17:45,255 - handle - INFO - [jack]进入[backend]的主页
2019-01-24 17:23:36,285 - handle - INFO - [jack]进入[backend]的主页
2019-01-24 17:23:49,877 - handle - INFO - [jack]进入[jesi]的主页
2019-01-24 17:23:53,396 - handle - INFO - [jack]进入[jesi]的主页
2019-01-24 17:23:55,072 - handle - INFO - [jack]进入[jesi]的主页
2019-01-24 17:23:55,544 - handle - INFO - [jack]进入[jesi]的主页
2019-01-24 17:23:56,081 - handle - INFO - [jack]进入[jesi]的主页
2019-01-24 17:23:56,564 - handle - INFO - [jack]进入[jesi]的主页
2019-01-24 17:23:57,045 - handle - INFO - [jack]进入[jesi]的主页
2019-01-24 17:23:57,442 - handle - INFO - [jack]进入[jesi]的主页
2019-01-24 17:23:57,782 - handle - INFO - [jack]进入[jesi]的主页
2019-01-24 17:23:58,810 - handle - INFO - [jack]进入[jesi]的主页
2019-01-24 17:24:02,160 - handle - INFO - [jack]进入[jesi]的主页
2019-01-24 17:24:49,647 - handle - INFO - [jack]进入[backend]的主页
2019-01-24 19:32:06,552 - handle - INFO - [jack]进入[backend]的主页
2019-01-24 20:36:11,291 - handle - INFO - [jesi]正在查看[jesi]的文章[Python之路：Python操作 RabbitMQ、Redis、Memcache、SQL]
2019-01-24 20:36:24,237 - handle - INFO - [jesi]评论了[Python之路：Python操作 RabbitMQ、Redis、Memcache、SQL]文章，评论内容是hello
2019-01-24 20:36:26,341 - handle - INFO - [jesi]正在查看[jesi]的文章[Python之路：Python操作 RabbitMQ、Redis、Memcache、SQL]
2019-01-24 20:36:30,961 - handle - INFO - [jesi]评论了[Python之路：Python操作 RabbitMQ、Redis、Memcache、SQL]文章，评论内容是hi
2019-01-24 20:36:33,347 - handle - INFO - [jesi]正在查看[jesi]的文章[Python之路：Python操作 RabbitMQ、Redis、Memcache、SQL]
2019-01-24 20:36:39,485 - handle - INFO - [jesi]进入[jesi]的主页
2019-01-24 20:36:40,461 - handle - INFO - [jesi]进入[jesi]的主页
2019-01-24 20:36:41,102 - handle - INFO - [jesi]进入[jesi]的主页
2019-01-24 20:36:41,590 - handle - INFO - [jesi]进入[jesi]的主页
2019-01-24 20:36:42,317 - handle - INFO - [jesi]进入[jesi]的主页
2019-01-24 20:36:42,752 - handle - INFO - [jesi]进入[jesi]的主页
2019-01-24 20:36:43,193 - handle - INFO - [jesi]进入[jesi]的主页
2019-01-24 20:36:44,507 - handle - INFO - [jesi]进入[jesi]的主页
2019-01-24 20:36:46,605 - handle - INFO - [jesi]进入[jesi]的主页
2019-01-24 20:37:03,025 - handle - INFO - [jesi]正在查看[jesi]的文章[test]
2019-01-24 20:37:08,550 - handle - INFO - [jesi]正在查看[jesi]的文章[test]
2019-01-24 20:37:29,740 - handle - INFO - [jesi]正在查看[jesi]的文章[python之二分查找算法]
2019-01-24 20:37:59,417 - handle - INFO - [jesi]正在查看[jesi]的文章[python之二分查找算法]
2019-01-24 20:38:34,928 - handle - INFO - [jesi]进入[7]的主页
2019-01-24 20:38:38,440 - handle - INFO - [jesi]进入[9]的主页
2019-01-24 20:38:40,382 - handle - INFO - [jesi]进入[6]的主页
2019-01-24 20:38:53,915 - handle - INFO - [jesi]进入[6]的主页
2019-01-24 20:39:08,914 - handle - INFO - [jesi]进入[6]的主页
2019-01-24 20:39:18,211 - handle - INFO - [jesi]正在查看[jesi]的文章[Python之路：Python操作 RabbitMQ、Redis、Memcache、SQL]
2019-01-24 20:39:42,793 - handle - INFO - [jesi]正在查看[jesi]的文章[Python之路：Python操作 RabbitMQ、Redis、Memcache、SQL]
2019-01-25 10:21:11,858 - handle - INFO - [jesi]进入[add_article]的主页
2019-01-25 10:21:19,324 - handle - INFO - [jesi]正在查看[jesi]的文章[Python之路：Python操作 RabbitMQ、Redis、Memcache、SQL]
2019-01-25 10:21:23,554 - handle - INFO - [jesi]正在查看[jesi]的文章[Python之路：Python操作 RabbitMQ、Redis、Memcache、SQL]
2019-01-25 10:23:15,159 - handle - INFO - [jesi]正在查看[jesi]的文章[Python之路：Python操作 RabbitMQ、Redis、Memcache、SQL]
2019-01-25 13:57:47,327 - handle - INFO - [jesi]正在查看[jesi]的文章[Python之路：Django【基础篇】]
2019-01-25 13:58:03,795 - handle - INFO - [jesi]正在查看[jesi]的文章[Python之路：爬虫]
2019-01-25 13:58:08,539 - handle - INFO - [jesi]正在查看[jesi]的文章[Python之路：爬虫]
2019-01-25 13:58:18,565 - handle - INFO - [jesi]正在查看[cyy]的文章[前端知识之JQuery]
2019-01-25 13:58:22,512 - handle - INFO - [jesi]正在查看[cyy]的文章[前端之BootStrap框架]
2019-01-25 13:59:25,595 - handle - INFO - [jesi]进入[cyy]的主页
2019-01-25 13:59:28,274 - handle - INFO - [jesi]进入[jesi2]的主页
2019-01-25 13:59:30,316 - handle - INFO - [jesi]进入[aaaaa]的主页
2019-01-25 14:00:30,857 - handle - INFO - [test]正在查看[jesi]的文章[Python之路：Django【基础篇】]
2019-01-25 14:00:37,620 - handle - INFO - [test]进入[test]的主页
2019-01-25 14:02:13,357 - handle - INFO - [jesi]进入[test]的主页
2019-01-25 14:02:14,866 - handle - INFO - [jesi]进入[test]的主页
2019-01-25 14:02:15,062 - handle - INFO - [jesi]进入[test]的主页
2019-01-25 14:02:15,242 - handle - INFO - [jesi]进入[test]的主页
2019-01-25 14:02:15,410 - handle - INFO - [jesi]进入[test]的主页
2019-01-25 14:03:03,770 - handle - INFO - [jesi]进入[test]的主页
2019-01-25 14:03:04,234 - handle - INFO - [jesi]进入[test]的主页
2019-01-25 14:03:04,418 - handle - INFO - [jesi]进入[test]的主页
2019-01-25 14:03:04,614 - handle - INFO - [jesi]进入[test]的主页
2019-01-25 14:03:04,782 - handle - INFO - [jesi]进入[test]的主页
2019-01-25 14:03:04,966 - handle - INFO - [jesi]进入[test]的主页
2019-01-25 14:03:05,146 - handle - INFO - [jesi]进入[test]的主页
2019-01-25 14:03:06,748 - handle - INFO - [jesi]进入[cyy]的主页
2019-01-25 14:03:11,673 - handle - INFO - [jesi]进入[jesi2]的主页
2019-01-25 14:03:13,550 - handle - INFO - [jesi]进入[aaaaa]的主页
2019-01-25 14:03:15,066 - handle - INFO - [jesi]进入[test]的主页
2019-01-25 14:03:16,660 - handle - INFO - [jesi]进入[test]的主页
2019-01-25 14:03:16,851 - handle - INFO - [jesi]进入[test]的主页
2019-01-25 14:03:18,525 - handle - INFO - [jesi]进入[jesi2]的主页
2019-01-25 14:03:20,338 - handle - INFO - [jesi]进入[cyy]的主页
2019-01-25 14:04:49,209 - handle - INFO - [hello]进入[hello]的主页
2019-01-25 14:06:42,956 - handle - INFO - [jesi]进入[hello]的主页
2019-01-25 14:06:43,492 - handle - INFO - [jesi]进入[hello]的主页
2019-01-25 14:06:43,688 - handle - INFO - [jesi]进入[hello]的主页
2019-01-25 14:06:43,992 - handle - INFO - [jesi]进入[hello]的主页
2019-01-25 14:07:59,218 - handle - INFO - [jesi]进入[hello]的主页
2019-01-25 14:08:00,010 - handle - INFO - [jesi]进入[hello]的主页
2019-01-25 14:08:00,218 - handle - INFO - [jesi]进入[hello]的主页
2019-01-25 14:08:00,394 - handle - INFO - [jesi]进入[hello]的主页
2019-01-25 14:09:16,489 - handle - INFO - [jesi]进入[hello]的主页
2019-01-25 14:09:42,699 - handle - INFO - [jesi]进入[hello]的主页
2019-01-25 14:10:21,554 - handle - INFO - [jesi]进入[hello]的主页
2019-01-25 14:10:22,557 - handle - INFO - [jesi]进入[hello]的主页
2019-01-25 14:10:53,155 - handle - INFO - [jesi]进入[cyy]的主页
2019-01-25 14:12:12,032 - handle - INFO - [hello]进入[hello]的主页
2019-01-25 14:12:20,635 - handle - INFO - [hello]进入[cyy]的主页
2019-01-25 14:12:23,026 - handle - INFO - [hello]进入[jesi2]的主页
2019-01-25 14:12:25,034 - handle - INFO - [hello]进入[aaaaa]的主页
2019-01-25 14:12:26,611 - handle - INFO - [hello]进入[test]的主页
2019-01-25 14:12:28,083 - handle - INFO - [hello]进入[hello]的主页
2019-01-25 14:14:21,942 - handle - INFO - [hello]进入[add_article]的主页
2019-01-25 14:19:34,069 - handle - INFO - [hello]进入[hello]的主页
2019-01-25 14:19:37,695 - handle - INFO - [hello]进入[test]的主页
2019-01-25 14:19:39,516 - handle - INFO - [hello]进入[aaaaa]的主页
2019-01-25 14:19:41,528 - handle - INFO - [hello]进入[cyy]的主页
2019-01-25 14:19:44,505 - handle - INFO - [hello]进入[cyy]的主页
2019-01-25 14:19:46,018 - handle - INFO - [hello]进入[cyy]的主页
2019-01-25 14:19:47,655 - handle - INFO - [hello]进入[cyy]的主页
2019-01-25 14:19:51,851 - handle - INFO - [hello]正在查看[cyy]的文章[前端知识之HTML内容]
2019-01-25 14:20:22,158 - handle - INFO - [jesi]正在查看[jesi]的文章[Python之路【第十七篇】：Django【进阶篇】]
2019-01-25 14:22:43,793 - handle - INFO - [jesi]正在查看[jesi]的文章[Python之路：Web框架]
2019-01-25 14:24:32,836 - handle - INFO - [jesi]正在查看[jesi]的文章[Python之路：Web框架]
2019-01-25 14:24:37,066 - handle - INFO - [jesi]正在查看[jesi]的文章[Python之路：Django【基础篇】]
2019-01-25 14:28:04,569 - handle - INFO - [jesi]进入[jesi2]的主页
2019-01-25 14:28:06,958 - handle - INFO - [jesi]进入[hello]的主页
2019-01-25 14:29:28,106 - handle - INFO - [jesi]正在查看[jesi]的文章[Python之路：Django【基础篇】]
2019-01-25 14:36:56,977 - handle - INFO - [jesi]正在查看[jesi]的文章[Python之路：Web框架]
2019-01-25 14:37:15,410 - handle - INFO - [jesi]正在查看[jesi]的文章[Python之路：Web框架]
2019-01-25 14:38:23,058 - handle - INFO - [jesi]正在查看[jesi]的文章[1111]
2019-01-25 14:38:32,202 - handle - INFO - [jesi]正在查看[jesi]的文章[1111]
2019-01-25 14:39:13,566 - handle - INFO - [jesi]正在查看[jesi]的文章[1111]
2019-01-25 14:39:21,148 - handle - INFO - [jesi]正在查看[jesi]的文章[1111]
2019-01-25 14:40:11,569 - handle - INFO - [jesi]正在查看[jesi]的文章[1111]
2019-01-25 14:46:35,102 - handle - INFO - [jesi]正在查看[jesi]的文章[00000000000000]
2019-01-25 14:57:28,724 - handle - INFO - [jesi]正在查看[jesi]的文章[Python之路：Web框]
2019-01-25 15:20:36,447 - handle - INFO - [jesi]正在查看[jesi]的文章[Python之路：Web框]
2019-01-25 15:27:14,641 - handle - INFO - [jesi]正在查看[jesi]的文章[Python之路：Django【基础篇】]
2019-01-25 15:27:20,715 - handle - INFO - [jesi]正在查看[jesi]的文章[Python之路：Django【基础篇】]
2019-01-25 15:28:10,681 - handle - INFO - [jesi]正在查看[jesi]的文章[Python之路：Web框]
2019-01-25 15:32:08,359 - handle - INFO - [jesi]正在查看[jesi]的文章[python之二分查找算法]
2019-01-25 15:32:16,326 - handle - INFO - [jesi]正在查看[jesi]的文章[python之二分查找算法]
2019-01-25 15:32:52,201 - handle - INFO - [jesi]正在查看[jesi]的文章[python之二分查找算法]
2019-01-25 15:33:31,698 - handle - INFO - [jesi]正在查看[jesi]的文章[python之二分查找算法]
2019-01-25 15:33:46,621 - handle - INFO - [jesi]正在查看[jesi]的文章[python之二分查找算法]
2019-01-25 15:33:47,237 - handle - INFO - [jesi]正在查看[jesi]的文章[python之二分查找算法]
2019-01-25 15:33:47,660 - handle - INFO - [jesi]正在查看[jesi]的文章[python之二分查找算法]
2019-01-25 15:33:47,996 - handle - INFO - [jesi]正在查看[jesi]的文章[python之二分查找算法]
2019-01-25 15:33:48,366 - handle - INFO - [jesi]正在查看[jesi]的文章[python之二分查找算法]
2019-01-25 15:33:52,659 - handle - INFO - [jesi]正在查看[jesi]的文章[python之二分查找算法]
2019-01-25 15:33:52,995 - handle - INFO - [jesi]正在查看[jesi]的文章[python之二分查找算法]
2019-01-25 15:33:53,333 - handle - INFO - [jesi]正在查看[jesi]的文章[python之二分查找算法]
2019-01-25 15:33:53,690 - handle - INFO - [jesi]正在查看[jesi]的文章[python之二分查找算法]
2019-01-25 15:33:57,620 - handle - INFO - [jesi]正在查看[jesi]的文章[python之二分查找算法]
2019-01-25 15:33:58,330 - handle - INFO - [jesi]正在查看[jesi]的文章[python之二分查找算法]
2019-01-25 15:34:12,809 - handle - INFO - [jesi]正在查看[jesi]的文章[python之二分查找算法]
2019-01-25 15:34:22,734 - handle - INFO - [jesi]正在查看[jesi]的文章[python之二分查找算法]
2019-01-25 15:34:23,556 - handle - INFO - [jesi]正在查看[jesi]的文章[python之二分查找算法]
2019-01-25 15:34:23,940 - handle - INFO - [jesi]正在查看[jesi]的文章[python之二分查找算法]
2019-01-25 15:34:41,398 - handle - INFO - [jesi]正在查看[jesi]的文章[python之二分查找算法]
2019-01-25 15:34:50,833 - handle - INFO - [jesi]正在查看[jesi]的文章[python之二分查找算法]
2019-01-25 15:35:15,259 - handle - INFO - [jesi]正在查看[jesi]的文章[python之二分查找算法]
2019-01-25 15:35:28,915 - handle - INFO - [jesi]正在查看[jesi]的文章[python之二分查找算法]
2019-01-25 15:36:10,122 - handle - INFO - [jesi]正在查看[cyy]的文章[前端知识之HTML内容]
2019-01-25 15:36:12,817 - handle - INFO - [jesi]正在查看[jesi]的文章[python之二分查找算法]
2019-01-25 15:40:19,538 - handle - INFO - [jesi]正在查看[jesi]的文章[Python之路：Django【基础篇】]
2019-01-25 15:40:26,096 - handle - INFO - [jesi]正在查看[jesi]的文章[Python之路：Web框]
2019-01-25 15:40:30,176 - handle - INFO - [jesi]正在查看[jesi]的文章[python文件操作]
2019-01-25 15:49:59,551 - handle - INFO - [jesi]正在查看[jesi]的文章[Python之路：Web框]
2019-01-25 15:53:41,413 - handle - INFO - [jesi]正在查看[jesi]的文章[Python之路：Web框]
2019-01-25 15:53:43,239 - handle - INFO - [jesi]正在查看[jesi]的文章[Python之路：Django【基础篇】]
2019-01-25 15:53:45,036 - handle - INFO - [jesi]进入[jesi]的主页
2019-01-25 15:54:48,450 - handle - INFO - [jesi]正在查看[jesi]的文章[Python之路：Web框]
2019-01-25 15:55:52,689 - handle - INFO - [jesi]正在查看[jesi]的文章[Python之路：Web框]
2019-01-25 15:55:54,510 - handle - INFO - [jesi]进入[jesi]的主页
2019-01-25 15:56:14,693 - handle - INFO - [jesi]正在查看[jesi]的文章[Python之路：Django【基础篇】]
2019-01-25 15:56:16,916 - handle - INFO - [jesi]正在查看[jesi]的文章[Python之路：爬虫]
2019-01-25 15:56:19,229 - handle - INFO - [jesi]正在查看[jesi]的文章[python集合,深浅copy]
2019-01-25 15:56:23,170 - handle - INFO - [jesi]正在查看[jesi]的文章[Python之路【第十七篇】：Django【进阶篇】]
2019-01-25 15:56:26,042 - handle - INFO - [jesi]正在查看[jesi]的文章[Python之迭代器，生成器]
2019-01-25 15:56:42,397 - handle - INFO - [jesi]正在查看[jesi]的文章[Django ORM那些相关操作]
2019-01-25 15:56:47,716 - handle - INFO - [jesi]进入[jesi]的主页
2019-01-25 15:56:50,414 - handle - INFO - [jesi]进入[jesi]的主页
2019-01-25 15:56:57,950 - handle - INFO - [jesi]进入[jesi]的主页
2019-01-25 15:57:01,522 - handle - INFO - [jesi]进入[jesi]的主页
2019-01-25 15:57:26,053 - handle - INFO - [jesi]正在查看[jesi]的文章[Django ORM那些相关操作]
2019-01-25 15:57:28,893 - handle - INFO - [jesi]正在查看[jesi]的文章[Python之路【第十七篇】：Django【进阶篇】]
2019-01-25 16:00:31,585 - handle - INFO - [测试账号]正在查看[jesi]的文章[Python之路：Web框]
2019-01-25 16:00:41,205 - handle - INFO - [测试账号]进入[cyy]的主页
2019-01-25 16:00:44,039 - handle - INFO - [测试账号]正在查看[jesi]的文章[Python之路：Web框]
2019-01-25 16:00:52,135 - handle - INFO - [测试账号]评论了[Python之路：Web框]文章，评论内容是        哈哈
2019-01-25 16:00:56,462 - handle - INFO - [测试账号]进入[jesi]的主页
2019-01-25 16:00:57,800 - handle - INFO - [测试账号]进入[jesi]的主页
2019-01-25 16:01:04,078 - handle - INFO - [测试账号]进入[jesi]的主页
2019-01-25 16:01:08,071 - handle - INFO - [测试账号]进入[jesi]的主页
2019-01-25 16:01:57,815 - handle - INFO - [测试账号]正在查看[测试账号]的文章[123]
2019-01-25 16:02:06,370 - handle - INFO - [测试账号]推荐了[123]文章
2019-01-25 16:02:51,044 - handle - INFO - [测试账号]正在查看[测试账号]的文章[123]
2019-01-25 16:02:53,545 - handle - INFO - [测试账号]评论了[123]文章，评论内容是hahaha
        
2019-01-25 16:03:30,242 - handle - INFO - [测试账号]正在查看[测试账号]的文章[123]
2019-03-01 11:07:36,685 - handle - INFO - [jesi]进入[jesi]的主页
2019-03-01 11:07:51,585 - handle - INFO - [jesi]正在查看[jesi]的文章[111]
2019-03-01 11:07:58,656 - handle - INFO - [jesi]进入[jesi]的主页
2019-03-01 11:08:00,372 - handle - INFO - [jesi]正在查看[jesi]的文章[111]
2019-03-01 11:12:59,070 - handle - INFO - [guocheng]正在查看[guocheng]的文章[22222222222222]
2019-03-01 11:45:47,238 - handle - INFO - [bbbbbb]正在查看[bbbbbb]的文章[bgbgbg]
