2019-01-23 16:05:15,626 - login - INFO - [时婉茹]注册成功
2019-01-23 16:06:04,221 - login - INFO - [时婉茹]登录成功
2019-01-23 16:11:19,522 - login - INFO - [jesi]登录成功
2019-01-23 16:12:17,298 - login - INFO - [jesi]登录成功
2019-01-23 16:12:20,257 - login - INFO - []退出
2019-01-23 16:13:04,556 - login - INFO - [jesi]登录成功
2019-01-23 16:13:06,271 - login - INFO - [AnonymousUser]退出
2019-01-23 16:14:03,098 - login - INFO - [jesi]登录成功
2019-01-23 16:14:04,542 - login - INFO - [jesi]退出
2019-01-23 17:14:21,678 - login - INFO - [jesi]登录成功
2019-01-23 17:42:26,750 - login - INFO - [jesi]退出
2019-01-23 17:42:44,979 - login - ERROR - [None]登录失败
2019-01-23 17:42:52,374 - login - ERROR - [None]登录失败
2019-01-23 17:43:05,198 - login - ERROR - [None]登录失败
2019-01-23 17:43:23,680 - login - INFO - [jack]注册成功
2019-01-23 17:43:30,777 - login - INFO - [jack]登录成功
2019-01-24 17:18:31,032 - login - INFO - 【jack】进入管理后台
2019-01-24 17:20:14,204 - login - INFO - 【jack】进入管理后台
2019-01-24 17:24:52,648 - login - INFO - 【jack】进入管理后台
2019-01-24 17:25:21,855 - login - INFO - 【jack】进入管理后台
2019-01-24 19:29:56,278 - login - INFO - 【jack】进入管理后台
2019-01-24 19:31:54,214 - login - INFO - 【jack】进入管理后台
2019-01-24 19:31:54,498 - login - INFO - 【jack】进入管理后台
2019-01-24 19:31:54,674 - login - INFO - 【jack】进入管理后台
2019-01-24 19:31:54,854 - login - INFO - 【jack】进入管理后台
2019-01-24 19:31:55,034 - login - INFO - 【jack】进入管理后台
2019-01-24 19:32:10,635 - login - INFO - 【jack】进入管理后台
2019-01-24 19:34:26,432 - login - INFO - 【jack】进入管理后台
2019-01-24 19:34:57,948 - login - INFO - 【jack】进入管理后台
2019-01-24 19:35:09,687 - login - INFO - [jack]退出
2019-01-24 19:35:23,566 - login - INFO - [jesi]登录成功
2019-01-24 19:35:28,907 - login - INFO - 【jesi】进入管理后台
2019-01-24 19:36:04,388 - login - INFO - 【jesi】进入管理后台
2019-01-24 19:36:04,924 - login - INFO - 【jesi】进入管理后台
2019-01-24 19:36:05,104 - login - INFO - 【jesi】进入管理后台
2019-01-24 19:36:59,653 - login - INFO - 【jesi】进入管理后台
2019-01-24 19:37:00,850 - login - INFO - 【jesi】进入管理后台
2019-01-24 19:37:01,330 - login - INFO - 【jesi】进入管理后台
2019-01-24 19:37:01,778 - login - INFO - 【jesi】进入管理后台
2019-01-24 19:38:36,184 - login - INFO - 【jesi】进入管理后台
2019-01-24 19:39:10,706 - login - INFO - 【jesi】进入管理后台
2019-01-24 19:39:11,362 - login - INFO - 【jesi】进入管理后台
2019-01-24 19:40:00,094 - login - INFO - 【jesi】进入管理后台
2019-01-24 19:40:00,746 - login - INFO - 【jesi】进入管理后台
2019-01-24 19:40:11,707 - login - INFO - 【jesi】进入管理后台
2019-01-24 19:40:12,231 - login - INFO - 【jesi】进入管理后台
2019-01-24 19:40:12,403 - login - INFO - 【jesi】进入管理后台
2019-01-24 19:42:36,919 - login - INFO - 【jesi】进入管理后台
2019-01-24 19:42:37,187 - login - INFO - 【jesi】进入管理后台
2019-01-24 19:42:38,851 - login - INFO - 【jesi】进入管理后台
2019-01-24 19:42:39,599 - login - INFO - 【jesi】进入管理后台
2019-01-24 19:42:41,765 - login - INFO - 【jesi】进入管理后台
2019-01-24 19:42:59,196 - login - INFO - 【jesi】进入管理后台
2019-01-24 19:42:59,572 - login - INFO - 【jesi】进入管理后台
2019-01-24 19:42:59,756 - login - INFO - 【jesi】进入管理后台
2019-01-24 19:45:10,530 - login - INFO - [jesi]进入管理后台
2019-01-24 19:45:10,818 - login - INFO - [jesi]进入管理后台
2019-01-24 19:45:11,014 - login - INFO - [jesi]进入管理后台
2019-01-24 19:45:13,564 - login - INFO - 【jesi】进入删除了一篇文章Python之路：Web框架
2019-01-24 19:45:49,489 - login - INFO - [jesi]进入管理后台
2019-01-24 19:45:49,729 - login - INFO - [jesi]进入管理后台
2019-01-24 19:45:49,913 - login - INFO - [jesi]进入管理后台
2019-01-24 19:45:50,091 - login - INFO - [jesi]进入管理后台
2019-01-24 19:45:50,263 - login - INFO - [jesi]进入管理后台
2019-01-24 19:45:50,435 - login - INFO - [jesi]进入管理后台
2019-01-24 19:46:00,019 - login - INFO - 【jesi】进入删除了一篇文章Python之路：Django【基础篇】
2019-01-24 19:46:01,286 - login - INFO - [jesi]进入管理后台
2019-01-24 19:46:03,070 - login - INFO - [jesi]进入管理后台
2019-01-24 19:46:03,330 - login - INFO - [jesi]进入管理后台
2019-01-24 19:46:03,518 - login - INFO - [jesi]进入管理后台
2019-01-24 19:56:40,431 - login - INFO - [jesi]进入管理后台
2019-01-24 20:05:27,445 - login - INFO - [jesi]进入管理后台
2019-01-24 20:33:33,476 - login - INFO - 【jesi】编辑了一篇文章python基础一
2019-01-24 20:33:33,504 - login - INFO - [jesi]进入管理后台
2019-01-24 20:33:50,993 - login - INFO - 【jesi】编辑了一篇文章Python之路：Python操作 RabbitMQ、Redis、Memcache、SQL
2019-01-24 20:33:51,009 - login - INFO - [jesi]进入管理后台
2019-01-24 20:33:57,552 - login - INFO - 【jesi】编辑了一篇文章Python之路：Python操作 RabbitMQ、Redis、Memcache、SQL
2019-01-24 20:33:57,576 - login - INFO - [jesi]进入管理后台
2019-01-24 20:36:02,639 - login - INFO - [test]注册成功
2019-01-24 20:36:08,754 - login - INFO - [jesi]登录成功
2019-01-24 20:36:52,166 - login - INFO - [jesi]进入管理后台
2019-01-24 20:36:59,310 - login - INFO - 【jesi】添加了一篇文章test
2019-01-24 20:37:14,317 - login - INFO - [jesi]进入管理后台
2019-01-24 20:37:15,106 - login - INFO - [jesi]进入管理后台
2019-01-24 20:37:15,290 - login - INFO - [jesi]进入管理后台
2019-01-24 20:37:15,450 - login - INFO - [jesi]进入管理后台
2019-01-24 20:37:15,610 - login - INFO - [jesi]进入管理后台
2019-01-24 20:37:15,778 - login - INFO - [jesi]进入管理后台
2019-01-24 20:37:15,950 - login - INFO - [jesi]进入管理后台
2019-01-24 20:37:16,138 - login - INFO - [jesi]进入管理后台
2019-01-24 20:37:16,354 - login - INFO - [jesi]进入管理后台
2019-01-24 20:37:16,530 - login - INFO - [jesi]进入管理后台
2019-01-24 20:37:16,666 - login - INFO - [jesi]进入管理后台
2019-01-24 20:38:01,964 - login - INFO - [jesi]进入管理后台
2019-01-24 20:38:27,852 - login - INFO - [jesi]进入管理后台
2019-01-24 20:39:39,876 - login - INFO - [jesi]进入管理后台
2019-01-25 10:19:21,799 - login - INFO - [jesi]进入管理后台
2019-01-25 10:20:01,204 - login - INFO - [jesi]进入管理后台
2019-01-25 10:20:01,984 - login - INFO - [jesi]进入管理后台
2019-01-25 10:20:02,519 - login - INFO - [jesi]进入管理后台
2019-01-25 10:20:02,728 - login - INFO - [jesi]进入管理后台
2019-01-25 10:20:37,380 - login - INFO - [jesi]进入管理后台
2019-01-25 10:20:38,084 - login - INFO - [jesi]进入管理后台
2019-01-25 10:20:38,443 - login - INFO - [jesi]进入管理后台
2019-01-25 10:20:38,664 - login - INFO - [jesi]进入管理后台
2019-01-25 10:20:38,879 - login - INFO - [jesi]进入管理后台
2019-01-25 10:20:39,071 - login - INFO - [jesi]进入管理后台
2019-01-25 10:20:39,255 - login - INFO - [jesi]进入管理后台
2019-01-25 10:20:39,448 - login - INFO - [jesi]进入管理后台
2019-01-25 10:20:39,638 - login - INFO - [jesi]进入管理后台
2019-01-25 10:20:39,848 - login - INFO - [jesi]进入管理后台
2019-01-25 10:20:40,034 - login - INFO - [jesi]进入管理后台
2019-01-25 10:20:40,218 - login - INFO - [jesi]进入管理后台
2019-01-25 10:20:40,396 - login - INFO - [jesi]进入管理后台
2019-01-25 10:20:40,580 - login - INFO - [jesi]进入管理后台
2019-01-25 10:20:40,755 - login - INFO - [jesi]进入管理后台
2019-01-25 10:20:40,928 - login - INFO - [jesi]进入管理后台
2019-01-25 10:20:41,108 - login - INFO - [jesi]进入管理后台
2019-01-25 10:20:49,964 - login - INFO - [jesi]进入管理后台
2019-01-25 10:20:50,599 - login - INFO - [jesi]进入管理后台
2019-01-25 10:20:50,815 - login - INFO - [jesi]进入管理后台
2019-01-25 10:20:51,022 - login - INFO - [jesi]进入管理后台
2019-01-25 10:20:51,257 - login - INFO - [jesi]进入管理后台
2019-01-25 10:20:59,852 - login - INFO - [jesi]进入管理后台
2019-01-25 10:21:16,075 - login - INFO - [jesi]进入管理后台
2019-01-25 10:28:10,027 - login - INFO - [jesi]进入管理后台
2019-01-25 10:36:45,620 - login - INFO - [jesi]登录成功
2019-01-25 10:36:49,134 - login - INFO - [jesi]进入管理后台
2019-01-25 13:57:45,599 - login - INFO - [jesi]登录成功
2019-01-25 14:00:19,828 - login - INFO - [test]注册成功
2019-01-25 14:00:28,570 - login - INFO - [test]登录成功
2019-01-25 14:03:58,004 - login - INFO - [jesi]退出
2019-01-25 14:04:38,258 - login - INFO - [hello]注册成功
2019-01-25 14:04:46,402 - login - INFO - [hello]登录成功
2019-01-25 14:12:10,371 - login - INFO - [hello]登录成功
2019-01-25 14:14:27,431 - login - INFO - [hello]进入管理后台
2019-01-25 14:14:28,237 - login - INFO - [hello]进入管理后台
2019-01-25 14:14:32,628 - login - INFO - [hello]进入管理后台
2019-01-25 14:17:06,421 - login - INFO - [hello]进入管理后台
2019-01-25 14:17:09,141 - login - INFO - [hello]进入管理后台
2019-01-25 14:17:11,084 - login - INFO - [hello]进入管理后台
2019-01-25 14:17:14,618 - login - INFO - [hello]进入管理后台
2019-01-25 14:18:04,474 - login - INFO - [hello]进入管理后台
2019-01-25 14:18:18,814 - login - INFO - [hello]进入管理后台
2019-01-25 14:18:20,879 - login - INFO - [hello]进入管理后台
2019-01-25 14:20:06,213 - login - INFO - [hello]进入管理后台
2019-01-25 14:20:13,194 - login - INFO - [hello]退出
2019-01-25 14:20:18,105 - login - INFO - [jesi]登录成功
2019-01-25 14:20:19,892 - login - INFO - [jesi]进入管理后台
2019-01-25 14:24:26,614 - login - INFO - [jesi]进入管理后台
2019-01-25 14:29:31,491 - login - INFO - [jesi]进入管理后台
2019-01-25 14:36:47,049 - login - INFO - 【jesi】编辑了一篇文章Python之路：Web框架
2019-01-25 14:36:47,078 - login - INFO - [jesi]进入管理后台
2019-01-25 14:36:54,245 - login - INFO - 【jesi】编辑了一篇文章Python之路：Web框架
2019-01-25 14:36:54,256 - login - INFO - [jesi]进入管理后台
2019-01-25 14:37:13,821 - login - INFO - 【jesi】编辑了一篇文章Python之路：Web框架
2019-01-25 14:37:13,833 - login - INFO - [jesi]进入管理后台
2019-01-25 14:37:24,222 - login - INFO - 【jesi】编辑了一篇文章Python之路：Web框
2019-01-25 14:37:24,233 - login - INFO - [jesi]进入管理后台
2019-01-25 14:38:18,249 - login - INFO - 【jesi】添加了一篇文章1111
2019-01-25 14:38:28,158 - login - INFO - [jesi]进入管理后台
2019-01-25 14:39:12,006 - login - INFO - 【jesi】编辑了一篇文章1111
2019-01-25 14:39:12,017 - login - INFO - [jesi]进入管理后台
2019-01-25 14:39:19,818 - login - INFO - 【jesi】编辑了一篇文章1111
2019-01-25 14:39:19,839 - login - INFO - [jesi]进入管理后台
2019-01-25 14:40:03,848 - login - INFO - [jesi]进入管理后台
2019-01-25 14:40:10,167 - login - INFO - 【jesi】编辑了一篇文章1111
2019-01-25 14:40:10,195 - login - INFO - [jesi]进入管理后台
2019-01-25 14:41:02,629 - login - INFO - 【jesi】编辑了一篇文章1111
2019-01-25 14:41:02,648 - login - INFO - [jesi]进入管理后台
2019-01-25 14:46:32,987 - login - INFO - 【jesi】编辑了一篇文章00000000000000
2019-01-25 14:46:33,015 - login - INFO - [jesi]进入管理后台
2019-01-25 14:48:09,206 - login - INFO - [jesi]登录成功
2019-01-25 14:52:40,154 - login - INFO - [jesi]进入管理后台
2019-01-25 15:50:13,009 - login - INFO - [jesi]进入管理后台
2019-01-25 15:51:25,234 - login - INFO - [jesi]进入管理后台
2019-01-25 15:53:34,638 - login - INFO - [jesi]进入管理后台
2019-01-25 15:53:37,751 - login - INFO - [jesi]进入管理后台
2019-01-25 16:00:09,753 - login - INFO - [测试账号]注册成功
2019-01-25 16:00:24,783 - login - INFO - [测试账号]登录成功
2019-01-25 16:01:17,238 - login - INFO - [测试账号]退出
2019-01-25 16:01:22,995 - login - INFO - [测试账号]登录成功
2019-01-25 16:01:24,389 - login - INFO - [测试账号]进入管理后台
2019-01-25 16:01:54,128 - login - INFO - 【测试账号】添加了一篇文章123
2019-01-25 16:02:11,354 - login - INFO - [测试账号]进入管理后台
2019-01-25 16:02:45,505 - login - INFO - [测试账号]进入管理后台
2019-01-25 16:02:45,689 - login - INFO - [测试账号]进入管理后台
2019-01-25 16:02:45,861 - login - INFO - [测试账号]进入管理后台
2019-01-25 16:02:46,028 - login - INFO - [测试账号]进入管理后台
2019-01-25 16:02:46,188 - login - INFO - [测试账号]进入管理后台
2019-01-25 16:02:55,621 - login - INFO - [测试账号]进入管理后台
2019-01-25 16:02:56,138 - login - INFO - [测试账号]进入管理后台
2019-01-25 16:03:28,941 - login - INFO - 【测试账号】编辑了一篇文章123
2019-01-25 16:03:28,961 - login - INFO - [测试账号]进入管理后台
2019-01-25 16:03:46,713 - login - INFO - 【测试账号】进入删除了一篇文章123
2019-01-25 16:03:48,428 - login - INFO - [测试账号]进入管理后台
2019-01-25 16:03:49,607 - login - INFO - [测试账号]进入管理后台
2019-01-25 16:03:49,792 - login - INFO - [测试账号]进入管理后台
2019-03-01 11:07:25,710 - login - INFO - [jesi]注册成功
2019-03-01 11:07:33,099 - login - INFO - [jesi]登录成功
2019-03-01 11:07:42,475 - login - INFO - [jesi]进入管理后台
2019-03-01 11:07:47,463 - login - INFO - 【jesi】添加了一篇文章111
2019-03-01 11:11:19,622 - login - INFO - [admin]进入管理后台
2019-03-01 11:11:25,578 - login - INFO - [admin]退出
2019-03-01 11:11:53,950 - login - INFO - [guocheng]注册成功
2019-03-01 11:12:02,611 - login - INFO - [guocheng]登录成功
2019-03-01 11:12:36,802 - login - INFO - [admin]退出
2019-03-01 11:12:44,850 - login - INFO - [guocheng]登录成功
2019-03-01 11:12:46,870 - login - INFO - [guocheng]进入管理后台
2019-03-01 11:12:57,209 - login - INFO - 【guocheng】添加了一篇文章22222222222222
2019-03-01 11:17:37,689 - login - INFO - [admin]登录成功
2019-03-01 11:17:57,834 - login - INFO - [admin]进入管理后台
2019-03-01 11:18:02,052 - login - INFO - 【admin】添加了一篇文章3333
2019-03-01 11:18:26,563 - login - INFO - [python]注册成功
2019-03-01 11:18:36,271 - login - INFO - [python]登录成功
2019-03-01 11:26:28,929 - login - INFO - [jesi2]注册成功
2019-03-01 11:34:49,909 - login - INFO - [hahah]注册成功
2019-03-01 11:37:32,768 - login - INFO - [gggggggggggggg]注册成功
2019-03-01 11:43:35,174 - login - INFO - [gggggg]注册成功
2019-03-01 11:44:58,794 - login - INFO - [bbbbbb]注册成功
2019-03-01 11:45:32,036 - login - INFO - [bbbbbb]登录成功
2019-03-01 11:45:35,328 - login - INFO - [bbbbbb]进入管理后台
2019-03-01 11:45:43,123 - login - INFO - 【bbbbbb】添加了一篇文章bgbgbg
2019-03-14 11:45:45,239 - login - INFO - [guocheng]进入管理后台
2019-03-14 11:46:09,060 - login - INFO - [guocheng]进入管理后台
2019-03-14 11:47:35,564 - login - INFO - [guocheng]进入管理后台
2019-03-14 11:47:47,708 - login - INFO - [guocheng]进入管理后台
2019-03-15 15:29:07,233 - login - INFO - [test]注册成功
2019-03-15 15:29:19,567 - login - INFO - [test]登录成功
2019-03-15 15:29:22,257 - login - INFO - [test]进入管理后台
2019-03-15 15:29:26,114 - login - INFO - 【test】添加了一篇文章12321312312312
2019-03-15 15:29:28,435 - login - INFO - [test]进入管理后台
2019-03-15 15:38:01,643 - login - INFO - [test]进入管理后台
2019-03-15 15:38:22,850 - login - INFO - [test]进入管理后台
2019-03-15 15:38:58,204 - login - INFO - [test]进入管理后台
2019-03-15 15:39:26,962 - login - INFO - [test]进入管理后台
2019-03-15 15:39:38,601 - login - INFO - 【test】进入删除了一篇文章12321312312312
2019-03-15 15:39:38,625 - login - INFO - [test]进入管理后台
2019-03-15 15:39:41,707 - login - INFO - [test]进入管理后台
2019-03-15 15:39:44,543 - login - INFO - [test]进入管理后台
2019-03-15 15:39:50,157 - login - INFO - 【test】添加了一篇文章11
2019-03-15 15:39:52,405 - login - INFO - [test]进入管理后台
2019-03-15 15:39:54,636 - login - INFO - 【test】进入删除了一篇文章11
2019-03-15 15:39:54,671 - login - INFO - [test]进入管理后台
2019-03-15 15:41:57,983 - login - INFO - [test]登录成功
2019-03-15 15:42:01,119 - login - INFO - [test]进入管理后台
2019-03-15 15:42:04,921 - login - INFO - 【test】添加了一篇文章2
2019-03-15 15:42:08,808 - login - INFO - [test]进入管理后台
2019-03-15 15:42:10,818 - login - INFO - 【test】进入删除了一篇文章2
2019-03-15 15:42:11,159 - login - INFO - [test]进入管理后台
2019-03-15 15:42:32,033 - login - INFO - 【test】添加了一篇文章111
2019-03-15 15:42:34,964 - login - INFO - [test]进入管理后台
2019-03-15 15:42:36,143 - login - INFO - 【test】进入删除了一篇文章111
2019-03-15 15:42:50,454 - login - INFO - [test]进入管理后台
2019-03-15 16:45:11,654 - login - INFO - [test]进入管理后台
2019-03-15 16:45:15,496 - login - INFO - 【test】添加了一篇文章11
2019-03-15 16:45:17,530 - login - INFO - [test]进入管理后台
2019-03-15 16:45:18,304 - login - INFO - 【test】进入删除了一篇文章11
2019-03-15 16:45:40,300 - login - INFO - [test]进入管理后台
2019-03-15 16:47:28,096 - login - INFO - [test]进入管理后台
2019-03-15 16:48:02,051 - login - INFO - 【test】添加了一篇文章111
2019-03-15 16:48:03,669 - login - INFO - [test]进入管理后台
2019-03-15 16:48:05,049 - login - INFO - 【test】进入删除了一篇文章111
2019-03-15 16:48:08,816 - login - INFO - [test]进入管理后台
2019-03-15 16:50:25,043 - login - INFO - 【test】添加了一篇文章22
2019-03-15 16:50:26,895 - login - INFO - [test]进入管理后台
2019-03-15 16:50:28,526 - login - INFO - 【test】进入删除了一篇文章22
2019-03-15 16:51:42,157 - login - INFO - [test]进入管理后台
2019-03-15 16:52:40,812 - login - INFO - 【test】添加了一篇文章222
2019-03-15 16:52:43,552 - login - INFO - [test]进入管理后台
2019-03-15 16:52:47,611 - login - INFO - 【test】进入删除了一篇文章222
2019-03-15 16:53:07,669 - login - INFO - [test]进入管理后台
2019-03-15 16:53:12,528 - login - INFO - 【test】添加了一篇文章333
2019-03-15 16:53:14,340 - login - INFO - [test]进入管理后台
2019-03-15 16:53:15,674 - login - INFO - 【test】进入删除了一篇文章333
2019-03-19 20:46:15,118 - login - INFO - [test]进入管理后台
2019-03-19 20:46:19,082 - login - INFO - 【test】添加了一篇文章1
2019-03-19 20:46:21,097 - login - INFO - [test]进入管理后台
2019-03-19 20:46:22,656 - login - INFO - 【test】进入删除了一篇文章1
2019-03-19 20:46:26,543 - login - INFO - [test]进入管理后台
2019-03-19 20:53:26,692 - login - INFO - [test]进入管理后台
2019-03-19 20:53:30,109 - login - INFO - 【test】添加了一篇文章1
2019-03-19 20:53:32,654 - login - INFO - [test]进入管理后台
2019-03-19 20:55:30,267 - login - INFO - [test]进入管理后台
2019-03-19 20:55:30,820 - login - INFO - [test]进入管理后台
2019-03-19 20:55:31,162 - login - INFO - [test]进入管理后台
2019-03-19 20:55:31,520 - login - INFO - [test]进入管理后台
2019-03-19 20:55:32,566 - login - INFO - 【test】进入删除了一篇文章1
2019-03-19 20:55:34,807 - login - INFO - [test]进入管理后台
2019-03-19 20:55:40,973 - login - INFO - [test]进入管理后台
2019-03-19 20:56:16,461 - login - INFO - [test]进入管理后台
2019-03-19 20:56:19,786 - login - INFO - 【test】添加了一篇文章1
2019-03-19 20:56:21,312 - login - INFO - [test]进入管理后台
2019-03-19 20:56:22,707 - login - INFO - 【test】进入删除了一篇文章1
2019-03-19 21:00:44,591 - login - INFO - [test]进入管理后台
2019-03-19 21:00:48,278 - login - INFO - 【test】添加了一篇文章11
2019-03-19 21:00:50,630 - login - INFO - [test]进入管理后台
2019-03-19 21:00:51,611 - login - INFO - 【test】进入删除了一篇文章11
2019-03-19 21:03:17,431 - login - INFO - [test]进入管理后台
2019-03-19 21:03:22,970 - login - INFO - 【test】添加了一篇文章22
2019-03-19 21:03:23,985 - login - INFO - [test]进入管理后台
2019-03-19 21:03:25,847 - login - INFO - 【test】进入删除了一篇文章22
2019-03-19 21:03:39,714 - login - INFO - [test]进入管理后台
2019-03-19 21:03:44,770 - login - INFO - 【test】添加了一篇文章11
2019-03-19 21:03:45,969 - login - INFO - [test]进入管理后台
2019-03-19 21:03:48,826 - login - INFO - [test]进入管理后台
2019-03-19 21:03:49,477 - login - INFO - [test]进入管理后台
2019-03-19 21:03:49,762 - login - INFO - [test]进入管理后台
2019-03-19 21:03:50,114 - login - INFO - [test]进入管理后台
2019-03-19 21:03:55,063 - login - INFO - 【test】进入删除了一篇文章11
2019-03-19 21:04:17,596 - login - INFO - [test]进入管理后台
2019-03-19 21:04:23,495 - login - INFO - 【test】添加了一篇文章11111
2019-03-19 21:04:24,962 - login - INFO - [test]进入管理后台
2019-03-19 21:04:26,979 - login - INFO - 【test】进入删除了一篇文章11111
2019-03-19 21:04:27,006 - login - INFO - [test]进入管理后台
2019-03-19 21:04:29,026 - login - INFO - [test]进入管理后台
2019-03-19 21:05:18,290 - login - INFO - 【test】添加了一篇文章111111
2019-03-19 21:05:20,624 - login - INFO - [test]进入管理后台
2019-03-19 21:05:24,083 - login - INFO - 【test】进入删除了一篇文章111111
2019-03-19 21:05:24,128 - login - INFO - [test]进入管理后台
2019-03-19 21:05:37,140 - login - INFO - 【test】添加了一篇文章222
2019-03-19 21:05:38,448 - login - INFO - [test]进入管理后台
2019-03-19 21:05:40,532 - login - INFO - 【test】进入删除了一篇文章222
2019-03-19 21:06:04,583 - login - INFO - [test]进入管理后台
2019-03-19 21:06:08,521 - login - INFO - 【test】添加了一篇文章123213
2019-03-19 21:06:09,980 - login - INFO - [test]进入管理后台
2019-03-19 21:06:12,512 - login - INFO - 【test】进入删除了一篇文章123213
2019-03-19 21:06:26,362 - login - INFO - [test]进入管理后台
2019-03-19 21:06:31,638 - login - INFO - 【test】添加了一篇文章123123
2019-03-19 21:06:33,304 - login - INFO - [test]进入管理后台
2019-03-19 21:06:35,975 - login - INFO - 【test】进入删除了一篇文章123123
2019-03-19 21:06:39,310 - login - INFO - [test]进入管理后台
2019-03-19 21:07:16,778 - login - INFO - [test]进入管理后台
2019-03-19 21:07:20,856 - login - INFO - 【test】添加了一篇文章12312312
2019-03-19 21:07:22,563 - login - INFO - [test]进入管理后台
2019-03-19 21:07:37,443 - login - INFO - [test]进入管理后台
2019-03-19 21:07:41,317 - login - INFO - 【test】进入删除了一篇文章12312312
2019-03-19 21:07:49,336 - login - INFO - [test]进入管理后台
2019-03-19 21:07:59,485 - login - INFO - 【test】添加了一篇文章123123
2019-03-19 21:08:00,799 - login - INFO - [test]进入管理后台
2019-03-19 21:08:03,325 - login - INFO - 【test】进入删除了一篇文章123123
2019-03-19 21:08:30,718 - login - INFO - [test]进入管理后台
2019-03-19 21:08:34,477 - login - INFO - 【test】添加了一篇文章12313
2019-03-19 21:08:36,169 - login - INFO - [test]进入管理后台
2019-03-19 21:08:38,080 - login - INFO - 【test】进入删除了一篇文章12313
2019-03-19 21:08:38,113 - login - INFO - [test]进入管理后台
2019-03-19 21:09:07,561 - login - INFO - 【test】添加了一篇文章123123
2019-03-19 21:09:09,139 - login - INFO - [test]进入管理后台
2019-03-19 21:10:17,886 - login - INFO - [test]进入管理后台
2019-03-19 21:10:43,983 - login - INFO - [test]进入管理后台
2019-03-19 21:10:47,993 - login - INFO - 【test】进入删除了一篇文章123123
2019-03-19 21:10:59,977 - login - INFO - 【test】添加了一篇文章12312312
2019-03-19 21:11:01,637 - login - INFO - [test]进入管理后台
2019-03-19 21:11:06,357 - login - INFO - 【test】进入删除了一篇文章12312312
2019-03-19 21:11:39,535 - login - INFO - [test]进入管理后台
2019-03-19 21:11:43,249 - login - INFO - 【test】添加了一篇文章123213
2019-03-19 21:11:44,854 - login - INFO - [test]进入管理后台
2019-03-19 21:14:09,585 - login - INFO - 【test】进入删除了一篇文章123213
2019-03-19 21:14:59,949 - login - INFO - [test]进入管理后台
2019-03-19 21:15:08,026 - login - INFO - 【test】添加了一篇文章python 之路
2019-03-19 21:15:11,055 - login - INFO - [test]进入管理后台
2019-03-19 21:17:30,481 - login - INFO - 【test】进入删除了一篇文章python 之路
2019-03-21 19:51:25,687 - login - INFO - [test]进入管理后台
2019-03-21 19:51:31,848 - login - INFO - 【test】添加了一篇文章python
2019-03-21 19:51:33,752 - login - INFO - [test]进入管理后台
2019-04-28 11:18:42,091 - login - INFO - [test]登录成功
2019-04-28 11:18:43,647 - login - INFO - [test]进入管理后台
2019-04-28 11:18:48,198 - login - INFO - 【test】进入删除了一篇文章python
2019-04-28 11:18:50,311 - login - INFO - [test]进入管理后台
